<?xml version="1.0" encoding="UTF-8"?>
<testsuite xmlns:xsi="http://www.w3.org/2001/XMLSchema-instance" xsi:noNamespaceSchemaLocation="https://maven.apache.org/surefire/maven-surefire-plugin/xsd/surefire-test-report-3.0.xsd" version="3.0" name="com.alumindex.pipeline.HeaderMapperTest" time="0.11" tests="10" errors="0" skipped="0" failures="0">
  <properties>
[...]
</properties>
  <testcase name="bom_prefixed_header_is_recognised" classname="com.alumindex.pipeline.HeaderMapperTest" time="0.071"/>
  <testcase name="llm_fallback_maps_unrecognisable_headers" classname="com.alumindex.pipeline.HeaderMapperTest" time="0.018">
    <system-out><![CDATA[2026-06-12T20:40:19.224+08:00  INFO 27380 --- [alumindex-backend] [           main] com.alumindex.pipeline.HeaderMapper      : LLM header mapping applied: {alumno=full_name, empresa=employment_company}
]]></system-out>
  </testcase>
  <testcase name="no_name_column_and_llm_unavailable_rejects_with_helpful_message" classname="com.alumindex.pipeline.HeaderMapperTest" time="0.004">
    <system-out><![CDATA[2026-06-12T20:40:19.229+08:00  WARN 27380 --- [alumindex-backend] [           main] com.alumindex.pipeline.HeaderMapper      : LLM header mapping unavailable: API down
]]></system-out>
  </testcase>
  <testcase name="empty_input_returns_empty_without_llm_call" classname="com.alumindex.pipeline.HeaderMapperTest" time="0.003"/>
  <testcase name="synonyms_and_messy_casing_are_mapped" classname="com.alumindex.pipeline.HeaderMapperTest" time="0.001"/>
  <testcase name="blank_rows_are_dropped" classname="com.alumindex.pipeline.HeaderMapperTest" time="0.001"/>
  <testcase name="first_and_last_derived_from_full_name" classname="com.alumindex.pipeline.HeaderMapperTest" time="0.001"/>
  <testcase name="full_name_derived_from_first_and_last" classname="com.alumindex.pipeline.HeaderMapperTest" time="0.001"/>
  <testcase name="missing_captured_date_defaults_to_today" classname="com.alumindex.pipeline.HeaderMapperTest" time="0.002"/>
  <testcase name="canonical_headers_pass_through_unchanged" classname="com.alumindex.pipeline.HeaderMapperTest" time="0.001"/>
</testsuite>