# JRE version: OpenJDK Runtime Environment Temurin-21.0.10+7 (21.0.10+7) (build 21.0.10+7-LTS)
# Java VM: OpenJDK 64-Bit Server VM Temurin-21.0.10+7 (21.0.10+7-LTS, mixed mode, sharing, tiered, compressed oops, compressed class ptrs, parallel gc, windows-amd64)
GC Precious Log:
 CardTable entry size: 512
 CPUs: 12 total, 12 available
 Memory: 16234M
 Large Page Support: Disabled
 NUMA Support: Disabled
 Compressed Oops: Enabled (32-bit)
 Alignments: Space 512K, Generation 512K, Heap 2M
 Heap Min Capacity: 100M
 Heap Initial Capacity: 100M
 Heap Max Capacity: 2G
 Pre-touch: Disabled
 Parallel Workers: 10
Heap:
 PSYoungGen      total 4096K, used 2626K [0x00000000d5580000, 0x00000000d5b80000, 0x0000000100000000)
  eden space 3584K, 65% used [0x00000000d5580000,0x00000000d57c8ba0,0x00000000d5900000)
  from space 512K, 56% used [0x00000000d5a80000,0x00000000d5ac8000,0x00000000d5b00000)
  to   space 512K, 0% used [0x00000000d5b00000,0x00000000d5b00000,0x00000000d5b80000)
 ParOldGen       total 1129472K, used 213756K [0x0000000080000000, 0x00000000c4f00000, 0x00000000d5580000)
  object space 1129472K, 18% used [0x0000000080000000,0x000000008d0bf010,0x00000000c4f00000)
 Metaspace       used 80808K, committed 83200K, reserved 1179648K
  class space    used 8055K, committed 9024K, reserved 1048576K
GC Heap History (20 events):
Event: 3850.005 GC heap before
{Heap before GC invocations=3727 (full 5):
 PSYoungGen      total 4096K, used 3840K [0x00000000d5580000, 0x00000000d5b80000, 0x0000000100000000)
  eden space 3584K, 100% used [0x00000000d5580000,0x00000000d5900000,0x00000000d5900000)
  from space 512K, 50% used [0x00000000d5a80000,0x00000000d5ac0000,0x00000000d5b00000)
  to   space 512K, 0% used [0x00000000d5b00000,0x00000000d5b00000,0x00000000d5b80000)
 ParOldGen       total 1129472K, used 213708K [0x0000000080000000, 0x00000000c4f00000, 0x00000000d5580000)
  object space 1129472K, 18% used [0x0000000080000000,0x000000008d0b3010,0x00000000c4f00000)
 Metaspace       used 80767K, committed 83200K, reserved 1179648K
  class space    used 8055K, committed 9024K, reserved 1048576K
}
Event: 3850.006 GC heap after
{Heap after GC invocations=3727 (full 5):
 PSYoungGen      total 4096K, used 224K [0x00000000d5580000, 0x00000000d5b80000, 0x0000000100000000)
  eden space 3584K, 0% used [0x00000000d5580000,0x00000000d5580000,0x00000000d5900000)
  from space 512K, 43% used [0x00000000d5b00000,0x00000000d5b38000,0x00000000d5b80000)
  to   space 512K, 0% used [0x00000000d5a80000,0x00000000d5a80000,0x00000000d5b00000)
 ParOldGen       total 1129472K, used 213716K [0x0000000080000000, 0x00000000c4f00000, 0x00000000d5580000)
  object space 1129472K, 18% used [0x0000000080000000,0x000000008d0b5010,0x00000000c4f00000)
 Metaspace       used 80767K, committed 83200K, reserved 1179648K
  class space    used 8055K, committed 9024K, reserved 1048576K
}
Event: 3860.066 GC heap before
{Heap before GC invocations=3728 (full 5):
 PSYoungGen      total 4096K, used 3808K [0x00000000d5580000, 0x00000000d5b80000, 0x0000000100000000)
  eden space 3584K, 100% used [0x00000000d5580000,0x00000000d5900000,0x00000000d5900000)
  from space 512K, 43% used [0x00000000d5b00000,0x00000000d5b38000,0x00000000d5b80000)
  to   space 512K, 0% used [0x00000000d5a80000,0x00000000d5a80000,0x00000000d5b00000)
 ParOldGen       total 1129472K, used 213716K [0x0000000080000000, 0x00000000c4f00000, 0x00000000d5580000)
  object space 1129472K, 18% used [0x0000000080000000,0x000000008d0b5010,0x00000000c4f00000)
 Metaspace       used 80767K, committed 83200K, reserved 1179648K
  class space    used 8055K, committed 9024K, reserved 1048576K
}
Event: 3860.067 GC heap after
{Heap after GC invocations=3728 (full 5):
 PSYoungGen      total 4096K, used 256K [0x00000000d5580000, 0x00000000d5b80000, 0x0000000100000000)
  eden space 3584K, 0% used [0x00000000d5580000,0x00000000d5580000,0x00000000d5900000)
  from space 512K, 50% used [0x00000000d5a80000,0x00000000d5ac0000,0x00000000d5b00000)
  to   space 512K, 0% used [0x00000000d5b00000,0x00000000d5b00000,0x00000000d5b80000)
 ParOldGen       total 1129472K, used 213716K [0x0000000080000000, 0x00000000c4f00000, 0x00000000d5580000)
  object space 1129472K, 18% used [0x0000000080000000,0x000000008d0b5010,0x00000000c4f00000)
 Metaspace       used 80767K, committed 83200K, reserved 1179648K
  class space    used 8055K, committed 9024K, reserved 1048576K
}
Event: 3861.064 GC heap before
{Heap before GC invocations=3729 (full 5):
 PSYoungGen      total 4096K, used 3840K [0x00000000d5580000, 0x00000000d5b80000, 0x0000000100000000)
  eden space 3584K, 100% used [0x00000000d5580000,0x00000000d5900000,0x00000000d5900000)
  from space 512K, 50% used [0x00000000d5a80000,0x00000000d5ac0000,0x00000000d5b00000)
  to   space 512K, 0% used [0x00000000d5b00000,0x00000000d5b00000,0x00000000d5b80000)
 ParOldGen       total 1129472K, used 213716K [0x0000000080000000, 0x00000000c4f00000, 0x00000000d5580000)
  object space 1129472K, 18% used [0x0000000080000000,0x000000008d0b5010,0x00000000c4f00000)
 Metaspace       used 80767K, committed 83200K, reserved 1179648K
  class space    used 8055K, committed 9024K, reserved 1048576K
}
Event: 3861.065 GC heap after
{Heap after GC invocations=3729 (full 5):
 PSYoungGen      total 4096K, used 256K [0x00000000d5580000, 0x00000000d5b80000, 0x0000000100000000)
  eden space 3584K, 0% used [0x00000000d5580000,0x00000000d5580000,0x00000000d5900000)
  from space 512K, 50% used [0x00000000d5b00000,0x00000000d5b40000,0x00000000d5b80000)
  to   space 512K, 0% used [0x00000000d5a80000,0x00000000d5a80000,0x00000000d5b00000)
 ParOldGen       total 1129472K, used 213740K [0x0000000080000000, 0x00000000c4f00000, 0x00000000d5580000)
  object space 1129472K, 18% used [0x0000000080000000,0x000000008d0bb010,0x00000000c4f00000)
 Metaspace       used 80767K, committed 83200K, reserved 1179648K
  class space    used 8055K, committed 9024K, reserved 1048576K
}
Event: 3861.607 GC heap before
{Heap before GC invocations=3730 (full 5):
 PSYoungGen      total 4096K, used 3840K [0x00000000d5580000, 0x00000000d5b80000, 0x0000000100000000)
  eden space 3584K, 100% used [0x00000000d5580000,0x00000000d5900000,0x00000000d5900000)
  from space 512K, 50% used [0x00000000d5b00000,0x00000000d5b40000,0x00000000d5b80000)
  to   space 512K, 0% used [0x00000000d5a80000,0x00000000d5a80000,0x00000000d5b00000)
 ParOldGen       total 1129472K, used 213740K [0x0000000080000000, 0x00000000c4f00000, 0x00000000d5580000)
  object space 1129472K, 18% used [0x0000000080000000,0x000000008d0bb010,0x00000000c4f00000)
 Metaspace       used 80767K, committed 83200K, reserved 1179648K
  class space    used 8055K, committed 9024K, reserved 1048576K
}
Event: 3861.608 GC heap after
{Heap after GC invocations=3730 (full 5):
 PSYoungGen      total 4096K, used 256K [0x00000000d5580000, 0x00000000d5b80000, 0x0000000100000000)
  eden space 3584K, 0% used [0x00000000d5580000,0x00000000d5580000,0x00000000d5900000)
  from space 512K, 50% used [0x00000000d5a80000,0x00000000d5ac0000,0x00000000d5b00000)
  to   space 512K, 0% used [0x00000000d5b00000,0x00000000d5b00000,0x00000000d5b80000)
 ParOldGen       total 1129472K, used 213740K [0x0000000080000000, 0x00000000c4f00000, 0x00000000d5580000)
  object space 1129472K, 18% used [0x0000000080000000,0x000000008d0bb010,0x00000000c4f00000)
 Metaspace       used 80767K, committed 83200K, reserved 1179648K
  class space    used 8055K, committed 9024K, reserved 1048576K
}
Event: 3862.580 GC heap before
{Heap before GC invocations=3731 (full 5):
 PSYoungGen      total 4096K, used 3840K [0x00000000d5580000, 0x00000000d5b80000, 0x0000000100000000)
  eden space 3584K, 100% used [0x00000000d5580000,0x00000000d5900000,0x00000000d5900000)
  from space 512K, 50% used [0x00000000d5a80000,0x00000000d5ac0000,0x00000000d5b00000)
  to   space 512K, 0% used [0x00000000d5b00000,0x00000000d5b00000,0x00000000d5b80000)
 ParOldGen       total 1129472K, used 213740K [0x0000000080000000, 0x00000000c4f00000, 0x00000000d5580000)
  object space 1129472K, 18% used [0x0000000080000000,0x000000008d0bb010,0x00000000c4f00000)
 Metaspace       used 80767K, committed 83200K, reserved 1179648K
  class space    used 8055K, committed 9024K, reserved 1048576K
}
Event: 3862.581 GC heap after
{Heap after GC invocations=3731 (full 5):
 PSYoungGen      total 4096K, used 288K [0x00000000d5580000, 0x00000000d5b80000, 0x0000000100000000)
  eden space 3584K, 0% used [0x00000000d5580000,0x00000000d5580000,0x00000000d5900000)
  from space 512K, 56% used [0x00000000d5b00000,0x00000000d5b48000,0x00000000d5b80000)
  to   space 512K, 0% used [0x00000000d5a80000,0x00000000d5a80000,0x00000000d5b00000)
 ParOldGen       total 1129472K, used 213740K [0x0000000080000000, 0x00000000c4f00000, 0x00000000d5580000)
  object space 1129472K, 18% used [0x0000000080000000,0x000000008d0bb010,0x00000000c4f00000)
 Metaspace       used 80767K, committed 83200K, reserved 1179648K
  class space    used 8055K, committed 9024K, reserved 1048576K
}
Event: 3863.588 GC heap before
{Heap before GC invocations=3732 (full 5):
 PSYoungGen      total 4096K, used 3872K [0x00000000d5580000, 0x00000000d5b80000, 0x0000000100000000)
  eden space 3584K, 100% used [0x00000000d5580000,0x00000000d5900000,0x00000000d5900000)
  from space 512K, 56% used [0x00000000d5b00000,0x00000000d5b48000,0x00000000d5b80000)
  to   space 512K, 0% used [0x00000000d5a80000,0x00000000d5a80000,0x00000000d5b00000)
 ParOldGen       total 1129472K, used 213740K [0x0000000080000000, 0x00000000c4f00000, 0x00000000d5580000)
  object space 1129472K, 18% used [0x0000000080000000,0x000000008d0bb010,0x00000000c4f00000)
 Metaspace       used 80767K, committed 83200K, reserved 1179648K
  class space    used 8055K, committed 9024K, reserved 1048576K
}
Event: 3863.589 GC heap after
{Heap after GC invocations=3732 (full 5):
 PSYoungGen      total 4096K, used 288K [0x00000000d5580000, 0x00000000d5b80000, 0x0000000100000000)
  eden space 3584K, 0% used [0x00000000d5580000,0x00000000d5580000,0x00000000d5900000)
  from space 512K, 56% used [0x00000000d5a80000,0x00000000d5ac8000,0x00000000d5b00000)
  to   space 512K, 0% used [0x00000000d5b00000,0x00000000d5b00000,0x00000000d5b80000)
 ParOldGen       total 1129472K, used 213740K [0x0000000080000000, 0x00000000c4f00000, 0x00000000d5580000)
  object space 1129472K, 18% used [0x0000000080000000,0x000000008d0bb010,0x00000000c4f00000)
 Metaspace       used 80767K, committed 83200K, reserved 1179648K
  class space    used 8055K, committed 9024K, reserved 1048576K
}
Event: 3864.117 GC heap before
{Heap before GC invocations=3733 (full 5):
 PSYoungGen      total 4096K, used 3872K [0x00000000d5580000, 0x00000000d5b80000, 0x0000000100000000)
  eden space 3584K, 100% used [0x00000000d5580000,0x00000000d5900000,0x00000000d5900000)
  from space 512K, 56% used [0x00000000d5a80000,0x00000000d5ac8000,0x00000000d5b00000)
  to   space 512K, 0% used [0x00000000d5b00000,0x00000000d5b00000,0x00000000d5b80000)
 ParOldGen       total 1129472K, used 213740K [0x0000000080000000, 0x00000000c4f00000, 0x00000000d5580000)
  object space 1129472K, 18% used [0x0000000080000000,0x000000008d0bb010,0x00000000c4f00000)
 Metaspace       used 80767K, committed 83200K, reserved 1179648K
  class space    used 8055K, committed 9024K, reserved 1048576K
}
Event: 3864.118 GC heap after
{Heap after GC invocations=3733 (full 5):
 PSYoungGen      total 4096K, used 224K [0x00000000d5580000, 0x00000000d5b80000, 0x0000000100000000)
  eden space 3584K, 0% used [0x00000000d5580000,0x00000000d5580000,0x00000000d5900000)
  from space 512K, 43% used [0x00000000d5b00000,0x00000000d5b38000,0x00000000d5b80000)
  to   space 512K, 0% used [0x00000000d5a80000,0x00000000d5a80000,0x00000000d5b00000)
 ParOldGen       total 1129472K, used 213756K [0x0000000080000000, 0x00000000c4f00000, 0x00000000d5580000)
  object space 1129472K, 18% used [0x0000000080000000,0x000000008d0bf010,0x00000000c4f00000)
 Metaspace       used 80767K, committed 83200K, reserved 1179648K
  class space    used 8055K, committed 9024K, reserved 1048576K
}
Event: 3865.088 GC heap before
{Heap before GC invocations=3734 (full 5):
 PSYoungGen      total 4096K, used 3808K [0x00000000d5580000, 0x00000000d5b80000, 0x0000000100000000)
  eden space 3584K, 100% used [0x00000000d5580000,0x00000000d5900000,0x00000000d5900000)
  from space 512K, 43% used [0x00000000d5b00000,0x00000000d5b38000,0x00000000d5b80000)
  to   space 512K, 0% used [0x00000000d5a80000,0x00000000d5a80000,0x00000000d5b00000)
 ParOldGen       total 1129472K, used 213756K [0x0000000080000000, 0x00000000c4f00000, 0x00000000d5580000)
  object space 1129472K, 18% used [0x0000000080000000,0x000000008d0bf010,0x00000000c4f00000)
 Metaspace       used 80767K, committed 83200K, reserved 1179648K
  class space    used 8055K, committed 9024K, reserved 1048576K
}
Event: 3865.089 GC heap after
{Heap after GC invocations=3734 (full 5):
 PSYoungGen      total 4096K, used 256K [0x00000000d5580000, 0x00000000d5b80000, 0x0000000100000000)
  eden space 3584K, 0% used [0x00000000d5580000,0x00000000d5580000,0x00000000d5900000)
  from space 512K, 50% used [0x00000000d5a80000,0x00000000d5ac0000,0x00000000d5b00000)
  to   space 512K, 0% used [0x00000000d5b00000,0x00000000d5b00000,0x00000000d5b80000)
 ParOldGen       total 1129472K, used 213756K [0x0000000080000000, 0x00000000c4f00000, 0x00000000d5580000)
  object space 1129472K, 18% used [0x0000000080000000,0x000000008d0bf010,0x00000000c4f00000)
 Metaspace       used 80767K, committed 83200K, reserved 1179648K
  class space    used 8055K, committed 9024K, reserved 1048576K
}
Event: 3865.661 GC heap before
{Heap before GC invocations=3735 (full 5):
 PSYoungGen      total 4096K, used 3840K [0x00000000d5580000, 0x00000000d5b80000, 0x0000000100000000)
  eden space 3584K, 100% used [0x00000000d5580000,0x00000000d5900000,0x00000000d5900000)
  from space 512K, 50% used [0x00000000d5a80000,0x00000000d5ac0000,0x00000000d5b00000)
  to   space 512K, 0% used [0x00000000d5b00000,0x00000000d5b00000,0x00000000d5b80000)
 ParOldGen       total 1129472K, used 213756K [0x0000000080000000, 0x00000000c4f00000, 0x00000000d5580000)
  object space 1129472K, 18% used [0x0000000080000000,0x000000008d0bf010,0x00000000c4f00000)
 Metaspace       used 80767K, committed 83200K, reserved 1179648K
  class space    used 8055K, committed 9024K, reserved 1048576K
}
Event: 3865.663 GC heap after
{Heap after GC invocations=3735 (full 5):
 PSYoungGen      total 4096K, used 256K [0x00000000d5580000, 0x00000000d5b80000, 0x0000000100000000)
  eden space 3584K, 0% used [0x00000000d5580000,0x00000000d5580000,0x00000000d5900000)
  from space 512K, 50% used [0x00000000d5b00000,0x00000000d5b40000,0x00000000d5b80000)
  to   space 512K, 0% used [0x00000000d5a80000,0x00000000d5a80000,0x00000000d5b00000)
 ParOldGen       total 1129472K, used 213756K [0x0000000080000000, 0x00000000c4f00000, 0x00000000d5580000)
  object space 1129472K, 18% used [0x0000000080000000,0x000000008d0bf010,0x00000000c4f00000)
 Metaspace       used 80767K, committed 83200K, reserved 1179648K
  class space    used 8055K, committed 9024K, reserved 1048576K
}
Event: 3872.386 GC heap before
{Heap before GC invocations=3736 (full 5):
 PSYoungGen      total 4096K, used 3840K [0x00000000d5580000, 0x00000000d5b80000, 0x0000000100000000)
  eden space 3584K, 100% used [0x00000000d5580000,0x00000000d5900000,0x00000000d5900000)
  from space 512K, 50% used [0x00000000d5b00000,0x00000000d5b40000,0x00000000d5b80000)
  to   space 512K, 0% used [0x00000000d5a80000,0x00000000d5a80000,0x00000000d5b00000)
 ParOldGen       total 1129472K, used 213756K [0x0000000080000000, 0x00000000c4f00000, 0x00000000d5580000)
  object space 1129472K, 18% used [0x0000000080000000,0x000000008d0bf010,0x00000000c4f00000)
 Metaspace       used 80767K, committed 83200K, reserved 1179648K
  class space    used 8055K, committed 9024K, reserved 1048576K
}
Event: 3872.388 GC heap after
{Heap after GC invocations=3736 (full 5):
 PSYoungGen      total 4096K, used 288K [0x00000000d5580000, 0x00000000d5b80000, 0x0000000100000000)
  eden space 3584K, 0% used [0x00000000d5580000,0x00000000d5580000,0x00000000d5900000)
  from space 512K, 56% used [0x00000000d5a80000,0x00000000d5ac8000,0x00000000d5b00000)
  to   space 512K, 0% used [0x00000000d5b00000,0x00000000d5b00000,0x00000000d5b80000)
 ParOldGen       total 1129472K, used 213756K [0x0000000080000000, 0x00000000c4f00000, 0x00000000d5580000)
  object space 1129472K, 18% used [0x0000000080000000,0x000000008d0bf010,0x00000000c4f00000)
 Metaspace       used 80767K, committed 83200K, reserved 1179648K
  class space    used 8055K, committed 9024K, reserved 1048576K
}

